1 : package com.hit.thought.chapter16.io;
2 : 
3 : import com.hit.thought.chapter16.Constants;
4 : 
5 : import java.io.*;
6 : 
7 : /**
8 :  * @author bin.guo
9 :  * @Copyright 易宝支付(YeePay)
10 :  * @date 5/6/18,3:58 PM
11 :  * @description
12 :  */
13 : public class FileOutputShortcut {
14 :     private static String file = Constants.FILE_ABSOLUTE_PATH + "FileOutputShortcut.out";
15 : 
16 :     public static void main(String[] args) throws IOException {
17 :         BufferedReader in = new BufferedReader(
18 :                 new StringReader(
19 :                         BufferedInputFile.read(Constants.FILE_ABSOLUTE_PATH + "FileOutputShortcut.java")
20 :                 )
21 :         );
22 : 
23 :         /**
24 :          * 在 Java SE5 中，PrintWriter 新增了一个辅助构造器，
25 :          * 使得我们不必在每次希望创建文本文件并向其中写入时，
26 :          * 都去执行所有的装饰工作
27 :          */
28 :         PrintWriter out = new PrintWriter(file);
29 : 
30 :         // 用于显示行号
31 :         int lineCount = 1;
32 :         String s;
33 :         while ((s = in.readLine()) != null) {
34 :             out.println(lineCount++ + " : " + s);
35 :         }
36 :         out.close();
37 :         System.out.println(BufferedInputFile.read(file));
38 :     }
39 : }
