1 : package com.hit.thought.chapter16.io;
2 : 
3 : import com.hit.thought.chapter16.Constants;
4 : 
5 : import java.io.*;
6 : 
7 : /**
8 :  * author:Charies Gavin
9 :  * date:2018/5/6,14:30
10 :  * https:github.com/guobinhit
11 :  * description:缓存输入与输出
12 :  */
13 : public class BasicFileOutput {
14 :     private static String file = Constants.FILE_ABSOLUTE_PATH + "BasicFileOutput.out";
15 : 
16 :     public static void main(String[] args) throws IOException {
17 :         BufferedReader in = new BufferedReader(
18 :                 new StringReader(
19 :                         BufferedInputFile.read(Constants.FILE_ABSOLUTE_PATH + "BasicFileOutput.java")
20 :                 )
21 :         );
22 : 
23 :         /**
24 :          * FileWriter 对象可以向文件写入数据
25 :          */
26 :         PrintWriter out = new PrintWriter(
27 :                 new BufferedWriter(
28 :                         new FileWriter(file)
29 :                 )
30 :         );
31 : 
32 :         // 用于显示行号
33 :         int lineCount = 1;
34 :         String s;
35 :         while ((s = in.readLine()) != null) {
36 :             out.println(lineCount++ + " : " + s);
37 :         }
38 :         out.close();
39 :         System.out.println(BufferedInputFile.read(file));
40 :     }
41 : }
